2025/07/17 01:51:17 [warn] 7#7: the "user" directive makes sense only if the master process runs with super-user privileges, ignored in /etc/nginx/nginx.conf:2
2025/07/17 01:51:17 [notice] 7#7: using the "epoll" event method
2025/07/17 01:51:17 [notice] 7#7: nginx/1.29.0
2025/07/17 01:51:17 [notice] 7#7: built by gcc 14.2.0 (Alpine 14.2.0) 
2025/07/17 01:51:17 [notice] 7#7: OS: Linux 5.15.153.1-microsoft-standard-WSL2
2025/07/17 01:51:17 [notice] 7#7: getrlimit(RLIMIT_NOFILE): 1048576:1048576
2025/07/17 01:51:17 [emerg] 7#7: open() "/run/nginx.pid" failed (13: Permission denied)
2025/07/17 01:51:18 [warn] 7#7: the "user" directive makes sense only if the master process runs with super-user privileges, ignored in /etc/nginx/nginx.conf:2
2025/07/17 01:51:18 [notice] 7#7: using the "epoll" event method
2025/07/17 01:51:18 [notice] 7#7: nginx/1.29.0
2025/07/17 01:51:18 [notice] 7#7: built by gcc 14.2.0 (Alpine 14.2.0) 
2025/07/17 01:51:18 [notice] 7#7: OS: Linux 5.15.153.1-microsoft-standard-WSL2
2025/07/17 01:51:18 [notice] 7#7: getrlimit(RLIMIT_NOFILE): 1048576:1048576
2025/07/17 01:51:18 [emerg] 7#7: open() "/run/nginx.pid" failed (13: Permission denied)
2025/07/17 01:51:18 [warn] 7#7: the "user" directive makes sense only if the master process runs with super-user privileges, ignored in /etc/nginx/nginx.conf:2
2025/07/17 01:51:18 [notice] 7#7: using the "epoll" event method
2025/07/17 01:51:18 [notice] 7#7: nginx/1.29.0
2025/07/17 01:51:18 [notice] 7#7: built by gcc 14.2.0 (Alpine 14.2.0) 
2025/07/17 01:51:18 [notice] 7#7: OS: Linux 5.15.153.1-microsoft-standard-WSL2
2025/07/17 01:51:18 [notice] 7#7: getrlimit(RLIMIT_NOFILE): 1048576:1048576
2025/07/17 01:51:18 [emerg] 7#7: open() "/run/nginx.pid" failed (13: Permission denied)
2025/07/17 01:51:19 [warn] 7#7: the "user" directive makes sense only if the master process runs with super-user privileges, ignored in /etc/nginx/nginx.conf:2
2025/07/17 01:51:19 [notice] 7#7: using the "epoll" event method
2025/07/17 01:51:19 [notice] 7#7: nginx/1.29.0
2025/07/17 01:51:19 [notice] 7#7: built by gcc 14.2.0 (Alpine 14.2.0) 
2025/07/17 01:51:19 [notice] 7#7: OS: Linux 5.15.153.1-microsoft-standard-WSL2
2025/07/17 01:51:19 [notice] 7#7: getrlimit(RLIMIT_NOFILE): 1048576:1048576
2025/07/17 01:51:19 [emerg] 7#7: open() "/run/nginx.pid" failed (13: Permission denied)
2025/07/17 01:51:20 [warn] 7#7: the "user" directive makes sense only if the master process runs with super-user privileges, ignored in /etc/nginx/nginx.conf:2
2025/07/17 01:51:20 [notice] 7#7: using the "epoll" event method
2025/07/17 01:51:20 [notice] 7#7: nginx/1.29.0
2025/07/17 01:51:20 [notice] 7#7: built by gcc 14.2.0 (Alpine 14.2.0) 
2025/07/17 01:51:20 [notice] 7#7: OS: Linux 5.15.153.1-microsoft-standard-WSL2
2025/07/17 01:51:20 [notice] 7#7: getrlimit(RLIMIT_NOFILE): 1048576:1048576
2025/07/17 01:51:20 [emerg] 7#7: open() "/run/nginx.pid" failed (13: Permission denied)
2025/07/17 01:51:21 [warn] 7#7: the "user" directive makes sense only if the master process runs with super-user privileges, ignored in /etc/nginx/nginx.conf:2
2025/07/17 01:51:21 [notice] 7#7: using the "epoll" event method
2025/07/17 01:51:21 [notice] 7#7: nginx/1.29.0
2025/07/17 01:51:21 [notice] 7#7: built by gcc 14.2.0 (Alpine 14.2.0) 
2025/07/17 01:51:21 [notice] 7#7: OS: Linux 5.15.153.1-microsoft-standard-WSL2
2025/07/17 01:51:21 [notice] 7#7: getrlimit(RLIMIT_NOFILE): 1048576:1048576
2025/07/17 01:51:21 [emerg] 7#7: open() "/run/nginx.pid" failed (13: Permission denied)
2025/07/17 01:51:26 [warn] 7#7: the "user" directive makes sense only if the master process runs with super-user privileges, ignored in /etc/nginx/nginx.conf:2
2025/07/17 01:51:26 [notice] 7#7: using the "epoll" event method
2025/07/17 01:51:26 [notice] 7#7: nginx/1.29.0
2025/07/17 01:51:26 [notice] 7#7: built by gcc 14.2.0 (Alpine 14.2.0) 
2025/07/17 01:51:26 [notice] 7#7: OS: Linux 5.15.153.1-microsoft-standard-WSL2
2025/07/17 01:51:26 [notice] 7#7: getrlimit(RLIMIT_NOFILE): 1048576:1048576
2025/07/17 01:51:26 [emerg] 7#7: open() "/run/nginx.pid" failed (13: Permission denied)
2025/07/17 01:51:33 [warn] 7#7: the "user" directive makes sense only if the master process runs with super-user privileges, ignored in /etc/nginx/nginx.conf:2
2025/07/17 01:51:33 [notice] 7#7: using the "epoll" event method
2025/07/17 01:51:33 [notice] 7#7: nginx/1.29.0
2025/07/17 01:51:33 [notice] 7#7: built by gcc 14.2.0 (Alpine 14.2.0) 
2025/07/17 01:51:33 [notice] 7#7: OS: Linux 5.15.153.1-microsoft-standard-WSL2
2025/07/17 01:51:33 [notice] 7#7: getrlimit(RLIMIT_NOFILE): 1048576:1048576
2025/07/17 01:51:33 [emerg] 7#7: open() "/run/nginx.pid" failed (13: Permission denied)
2025/07/17 01:51:46 [warn] 7#7: the "user" directive makes sense only if the master process runs with super-user privileges, ignored in /etc/nginx/nginx.conf:2
2025/07/17 01:51:46 [notice] 7#7: using the "epoll" event method
2025/07/17 01:51:46 [notice] 7#7: nginx/1.29.0
2025/07/17 01:51:46 [notice] 7#7: built by gcc 14.2.0 (Alpine 14.2.0) 
2025/07/17 01:51:46 [notice] 7#7: OS: Linux 5.15.153.1-microsoft-standard-WSL2
2025/07/17 01:51:46 [notice] 7#7: getrlimit(RLIMIT_NOFILE): 1048576:1048576
2025/07/17 01:51:46 [emerg] 7#7: open() "/run/nginx.pid" failed (13: Permission denied)
2025/07/17 01:51:53 [notice] 7#7: using the "epoll" event method
2025/07/17 01:51:53 [notice] 7#7: nginx/1.29.0
2025/07/17 01:51:53 [notice] 7#7: built by gcc 14.2.0 (Alpine 14.2.0) 
2025/07/17 01:51:53 [notice] 7#7: OS: Linux 5.15.153.1-microsoft-standard-WSL2
2025/07/17 01:51:53 [notice] 7#7: getrlimit(RLIMIT_NOFILE): 1048576:1048576
2025/07/17 01:51:53 [notice] 7#7: start worker processes
2025/07/17 01:51:53 [notice] 7#7: start worker process 8
2025/07/17 01:51:53 [notice] 7#7: start worker process 9
2025/07/17 01:51:53 [notice] 7#7: start worker process 10
2025/07/17 01:51:53 [notice] 7#7: start worker process 11
2025/07/17 01:51:53 [notice] 7#7: start worker process 12
2025/07/17 01:51:53 [notice] 7#7: start worker process 13
2025/07/17 01:51:53 [notice] 7#7: start worker process 14
2025/07/17 01:51:53 [notice] 7#7: start worker process 15
2025/07/17 01:51:53 [notice] 7#7: start worker process 16
2025/07/17 01:51:53 [notice] 7#7: start worker process 17
2025/07/17 01:51:53 [notice] 7#7: start worker process 18
2025/07/17 01:51:53 [notice] 7#7: start worker process 19
2025/07/17 01:51:53 [notice] 7#7: start worker process 20
2025/07/17 01:51:53 [notice] 7#7: start worker process 21
2025/07/17 01:51:53 [notice] 7#7: start worker process 22
2025/07/17 01:51:53 [notice] 7#7: start worker process 23
